<?xml version="1.0" encoding="UTF-8"?>
<!-- Generated by org.testng.reporters.JUnitXMLReporter -->
<testsuite ignored="5" hostname="LT2566" failures="1" tests="1" name="Test" time="471.987" errors="0" timestamp="2023-02-13T13:19:56 IST">
  <testcase classname="testCases.LoginPageTest" name="readUsernameAndPasswordFromExcel" time="471.955">
    <failure type="org.openqa.selenium.ElementClickInterceptedException" message="element click intercepted: Element &amp;lt;span class=&amp;quot;ui-button-text ui-c&amp;quot;&amp;gt;...&amp;lt;/span&amp;gt; is not clickable at point (1206, 689). Other element would receive the click: &amp;lt;div id=&amp;quot;j_idt13561_modal&amp;quot; class=&amp;quot;ui-widget-overlay ui-dialog-mask&amp;quot; style=&amp;quot;z-index: 1013;&amp;quot;&amp;gt;&amp;lt;/div&amp;gt;
  (Session info: chrome=110.0.5481.78)
Build info: version: &amp;apos;4.4.0&amp;apos;, revision: &amp;apos;e5c75ed026a&amp;apos;
System info: host: &amp;apos;LT2566&amp;apos;, ip: &amp;apos;10.200.19.211&amp;apos;, os.name: &amp;apos;Windows 11&amp;apos;, os.arch: &amp;apos;amd64&amp;apos;, os.version: &amp;apos;10.0&amp;apos;, java.version: &amp;apos;17.0.4.1&amp;apos;
Driver info: org.openqa.selenium.chrome.ChromeDriver
Command: [066ba4461897772f96dd975d19f7f87f, clickElement {id=71c7c89f-7f7b-4d58-b772-5b82ac64e5e7}]
Capabilities {acceptInsecureCerts: false, browserName: chrome, browserVersion: 110.0.5481.78, chrome: {chromedriverVersion: 110.0.5481.77 (65ed616c6e8e..., userDataDir: C:\Users\PADREA~1\AppData\L...}, goog:chromeOptions: {debuggerAddress: localhost:52146}, networkConnectionEnabled: false, pageLoadStrategy: normal, platformName: WINDOWS, proxy: Proxy(), se:cdp: ws://localhost:52146/devtoo..., se:cdpVersion: 110.0.5481.78, setWindowRect: true, strictFileInteractability: false, timeouts: {implicit: 0, pageLoad: 300000, script: 30000}, unhandledPromptBehavior: dismiss and notify, webauthn:extension:credBlob: true, webauthn:extension:largeBlob: true, webauthn:virtualAuthenticators: true}
Element: [[ChromeDriver: chrome on WINDOWS (066ba4461897772f96dd975d19f7f87f)] -&amp;gt; xpath: //*[@id=&amp;quot;BusinessRuleTile:BusinessRuleform:SaveBusinessRule&amp;quot;]/span]
Session ID: 066ba4461897772f96dd975d19f7f87f">
      <![CDATA[org.openqa.selenium.ElementClickInterceptedException: element click intercepted: Element <span class="ui-button-text ui-c">...</span> is not clickable at point (1206, 689). Other element would receive the click: <div id="j_idt13561_modal" class="ui-widget-overlay ui-dialog-mask" style="z-index: 1013;"></div>
  (Session info: chrome=110.0.5481.78)
Build info: version: '4.4.0', revision: 'e5c75ed026a'
System info: host: 'LT2566', ip: '10.200.19.211', os.name: 'Windows 11', os.arch: 'amd64', os.version: '10.0', java.version: '17.0.4.1'
Driver info: org.openqa.selenium.chrome.ChromeDriver
Command: [066ba4461897772f96dd975d19f7f87f, clickElement {id=71c7c89f-7f7b-4d58-b772-5b82ac64e5e7}]
Capabilities {acceptInsecureCerts: false, browserName: chrome, browserVersion: 110.0.5481.78, chrome: {chromedriverVersion: 110.0.5481.77 (65ed616c6e8e..., userDataDir: C:\Users\PADREA~1\AppData\L...}, goog:chromeOptions: {debuggerAddress: localhost:52146}, networkConnectionEnabled: false, pageLoadStrategy: normal, platformName: WINDOWS, proxy: Proxy(), se:cdp: ws://localhost:52146/devtoo..., se:cdpVersion: 110.0.5481.78, setWindowRect: true, strictFileInteractability: false, timeouts: {implicit: 0, pageLoad: 300000, script: 30000}, unhandledPromptBehavior: dismiss and notify, webauthn:extension:credBlob: true, webauthn:extension:largeBlob: true, webauthn:virtualAuthenticators: true}
Element: [[ChromeDriver: chrome on WINDOWS (066ba4461897772f96dd975d19f7f87f)] -> xpath: //*[@id="BusinessRuleTile:BusinessRuleform:SaveBusinessRule"]/span]
Session ID: 066ba4461897772f96dd975d19f7f87f
at org.openqa.selenium.remote.codec.w3c.W3CHttpResponseCodec.createException(W3CHttpResponseCodec.java:200)
at org.openqa.selenium.remote.codec.w3c.W3CHttpResponseCodec.decode(W3CHttpResponseCodec.java:133)
at org.openqa.selenium.remote.codec.w3c.W3CHttpResponseCodec.decode(W3CHttpResponseCodec.java:53)
at org.openqa.selenium.remote.HttpCommandExecutor.execute(HttpCommandExecutor.java:184)
at org.openqa.selenium.remote.service.DriverCommandExecutor.invokeExecute(DriverCommandExecutor.java:167)
at org.openqa.selenium.remote.service.DriverCommandExecutor.execute(DriverCommandExecutor.java:142)
at org.openqa.selenium.remote.RemoteWebDriver.execute(RemoteWebDriver.java:547)
at org.openqa.selenium.remote.RemoteWebElement.execute(RemoteWebElement.java:257)
at org.openqa.selenium.remote.RemoteWebElement.click(RemoteWebElement.java:78)
at org.openqa.selenium.support.pagefactory.internal.LocatingElementHandler.invoke(LocatingElementHandler.java:52)
at jdk.proxy2/jdk.proxy2.$Proxy16.click(Unknown Source)
at testCases.CreateQuotePageTest.createQuote(CreateQuotePageTest.java:516)
at testCases.LocationPageTest.getLocationDetails(LocationPageTest.java:413)
at testCases.InsuredPageTest.getInsuredDetails(InsuredPageTest.java:151)
at testCases.AgentSearchPageTest.agentSearch(AgentSearchPageTest.java:58)
at testCases.LoginPageTest.readUsernameAndPasswordFromExcel(LoginPageTest.java:71)
at java.base/java.util.ArrayList.forEach(ArrayList.java:1511)
... Removed 35 stack frames]]>
    </failure>
  </testcase> <!-- readUsernameAndPasswordFromExcel -->
  <testcase classname="utilClass.CommonFunctions" name="@BeforeSuite launchBrowser" time="0.0">
    <ignored/>
  </testcase> <!-- @BeforeSuite launchBrowser -->
  <testcase classname="utilClass.CommonFunctions" name="@BeforeSuite launchBrowser" time="0.0">
    <ignored/>
  </testcase> <!-- @BeforeSuite launchBrowser -->
  <testcase classname="utilClass.CommonFunctions" name="@BeforeSuite launchBrowser" time="0.0">
    <ignored/>
  </testcase> <!-- @BeforeSuite launchBrowser -->
  <testcase classname="utilClass.CommonFunctions" name="@BeforeSuite launchBrowser" time="0.0">
    <ignored/>
  </testcase> <!-- @BeforeSuite launchBrowser -->
  <testcase classname="utilClass.CommonFunctions" name="@BeforeSuite launchBrowser" time="0.0">
    <ignored/>
  </testcase> <!-- @BeforeSuite launchBrowser -->
</testsuite> <!-- Test -->
