<!DOCTYPE html PUBLIC "-//W3C//DTD XHTML 1.1//EN" "https://www.w3.org/TR/xhtml11/DTD/xhtml11.dtd">
<html xmlns="https://www.w3.org/1999/xhtml">
<head>
<meta http-equiv="content-type" content="text/html; charset=UTF-8"/>
<title>TestNG Report</title>
<style type="text/css">table {margin-bottom:10px;border-collapse:collapse;empty-cells:show}th,td {border:1px solid #009;padding:.25em .5em}th {vertical-align:bottom}td {vertical-align:top}table a {font-weight:bold}.stripe td {background-color: #E6EBF9}.num {text-align:right}.passedodd td {background-color: #3F3}.passedeven td {background-color: #0A0}.skippedodd td {background-color: #DDD}.skippedeven td {background-color: #CCC}.failedodd td,.attn {background-color: #F33}.failedeven td,.stripe .attn {background-color: #D00}.stacktrace {white-space:pre;font-family:monospace}.totop {font-size:85%;text-align:center;border-bottom:2px solid #000}.invisible {display:none}</style>
</head>
<body>
<table>
<tr><th>Test</th><th># Passed</th><th># Skipped</th><th># Retried</th><th># Failed</th><th>Time (ms)</th><th>Included Groups</th><th>Excluded Groups</th></tr>
<tr><th colspan="8">RSG Suite</th></tr>
<tr><td><a href="#t0">Regression Test</a></td><td class="num">0</td><td class="num">0</td><td class="num attn">2</td><td class="num attn">1</td><td class="num">47,771</td><td></td><td></td></tr>
</table>
<table id='summary'><thead><tr><th>Class</th><th>Method</th><th>Start</th><th>Time (ms)</th></tr></thead><tbody><tr><th colspan="4">RSG Suite</th></tr></tbody><tbody id="t0"><tr><th colspan="4">Regression Test &#8212; failed</th></tr><tr class="failedeven"><td rowspan="1">testCases.LoginPageTest</td><td><a href="#m0">launchBrowser</a></td><td rowspan="1">1695887115763</td><td rowspan="1">13246</td></tr><tr><th colspan="4">Regression Test &#8212; retried</th></tr><tr class="retriedeven"><td rowspan="2">testCases.LoginPageTest</td><td><a href="#m1">launchBrowser</a></td><td rowspan="2">1695887100187</td><td rowspan="2">13245</td></tr><tr class="retriedeven"><td><a href="#m2">launchBrowser</a></td></tr></tbody>
</table>
<h2>Regression Test</h2><h3 id="m0">testCases.LoginPageTest#launchBrowser</h3><table class="result"><tr class="param"><th>Parameter #1</th></tr><tr class="param stripe"><td>{=, Opening Protection=Only glass opening are protected, Product=DP3, Policy Number=, Agency Name=Dickens Vanessa, Heating Type Year Of Update=2011, Year Built=1990, Tours Conducted=No, RenovationCost=, Fire Station=Less than 5 Miles, VA_Property Fenced=, Fire Hydrant=Less than 1000 feet, Electric Type Year Of Update=2012, Lapse in Coverage=No, Cancel Type=Prorata, DOB=01/06/1989, Cladding Type=Stucco, Heating Type=Natural Gas, Secondary Water Resistance(SWR)=, Insured Employ Any Employees=No, Cancel Effective Date=11/10/2023, Principal First Name=, Type of Endorsement=Insured Details Change, Green Upgrade=Yes, Cancel Reason=Non-Payment, Special Cov A=No, Special Cov C=Yes, Amount Paid=, High Profile=No, Quote Type=, Identity Fraud=No, Endorsement Notes=test, BRPurchasePrice=, Electric Type=Circuit Breaker (Greater than 100 amp), Floor in which the condo unit is Present=, Insured Type=Individual, VA_Property to be sold in next 12 months=, VA_Vacant Date=, Expected Result=, Extended Replacement Cost=Yes, Gutters Present=, RC on Contents=No, Contact First Name=, Loss Settlement Contents=Replacement Cost, Last Name=UK_01, Square Feet=1200, Heating Update Type=, Insurer=, Premises Coverages for Owners=, License No=, BRPurchaseDate=, VA_Purchase Price=, Multi-location count=, Roof Covering Update Type=, Swimming Pool=Yes, VA_RenovationCompleted=, Roof Covering=Unknown, AI Name=, RCV/ACV=RCV, Trust Name=, Knob/Aluminium/ClothWiring=, Type of Loss=, All Business Activities=No, RenovationBegun=, VA_Date of Purchase=, Quote Number=2372157, CompletionDate=, Policy Term=, Water Damage Sublimit=None, Total Stories of Condo Building=, Plumbing Type Year Of Update=2003, Animal Attack History=No, Primary Flood Cov=$25,000 Sub-limit, OL Liability=, Carrier Representative=, No. of Stories=1, Loss Assessment=$9,000, Test Data No=801, Historic Place=No, Greater than 10 acres=No, Do any of the following apply?=, RenovationType=, Declined by Prior Carrier=No, Principal DOB=, Vandalism or Malicious Mischief=No, Phone Number=8154233716, Full Interior Sprinkler System=Yes, Result in UI=Pass /MLH-0016696-1, Personal Liability=$500,000, Beach Territory=No, Personal Injury Cov=Yes, LLC Name=0, First Name=Canopius_01, Number of claims=0, Reinstate Reason=Payment Received, Developer&apos;s spec home=No, Risk address same as Mailing address?=N, Declined by QuickHome Carrier=No, Cheque Number=1234, Date of Loss=, Carrier=1153 One London, Date Declined=, Braced/Unbraced=, Slope of Roof=, Schedule of forms=VA, AI Type=, Limited Mold Coverage=None, Billing type=Agency Bill, Wind Deductible=15%, RenovationCompleted=, Description of Loss=, Water Backup=$25,000, VA_Purchasedin12months=, Protection Class=5, Fasterners=, DTC=508.41, Trustee DOB=, BR_PropertyIntention=, Other Structure=N, Roof Shape=Flat Roof, Coverage D=28376, Coverage A=400000, Coverage B=400000, RenovationDoneByLicensedInsured=, Does the roof have parapets?=, Coverage C=70945, Water Damage Deductible=None, Wind Rating=, Childcare or Other=No, AI Address=, Number of Units=Fourplex, RenovationCompletesIn3Months=, Payee Name=Alex, Location Type=, Last Date of Coverage=, Trustee First Name=, Mailing Address=30 Adriatic Dr, Hampton, VA 23664, USA, Extended Coverage=, BRLocationPurchasedIn12Months=, Water Heater Year Of Update=2008, Return Policy Fee=No, Roof Covering Year Of Update=2002, Principal Last Name=, Override DTC=Yes, Ordinance or Law Coverage=, Golf Cart Collision=$5,000, Plumbing Type=Copper, BR_PropertyFLB=, Password=Welcome*1, Risk Address=30 Adriatic Dr, Hampton, VA 23664, USA, AOP=$2,500, Medical Payments=$2,000, Diligent Name=, Purpose=, Quote Note=, Roof Anchor=Single Wraps, Number of Children=, Diligent Title=, Trustee Last Name=, RenovationGoingOn=, Condo Unit Number=2, UOM=Miles, Username=asdasd, Fully Fenced=No, Alarm=Local Fire/Smoke &amp; Burglar Alarm, Earthquake Coverage=0, Occupancy Type=Rental - Short Term/Seasonal, Electric Type Update Type=, Construction Type=Superior, Protection Size=}</td></tr><tr><th>Exception</th></tr><tr><td><div class="stacktrace">org.openqa.selenium.NoSuchElementException: no such element: Unable to locate element: {&quot;method&quot;:&quot;xpath&quot;,&quot;selector&quot;:&quot;//img[@id=&quot;PlForms:find_expand_display&quot;]&quot;}
  (Session info: chrome=116.0.5845.188)
For documentation on this error, please visit: https://selenium.dev/exceptions/#no_such_element
Build info: version: &apos;4.4.0&apos;, revision: &apos;e5c75ed026a&apos;
System info: host: &apos;LT2566&apos;, ip: &apos;10.200.15.16&apos;, os.name: &apos;Windows 11&apos;, os.arch: &apos;amd64&apos;, os.version: &apos;10.0&apos;, java.version: &apos;17.0.4.1&apos;
Driver info: org.openqa.selenium.chrome.ChromeDriver
Command: [cbe5da1421131b510484da653dfe3832, findElement {using=xpath, value=//img[@id=&quot;PlForms:find_expand_display&quot;]}]
Capabilities {acceptInsecureCerts: false, browserName: chrome, browserVersion: 116.0.5845.188, chrome: {chromedriverVersion: 116.0.5845.96 (1a3918166880..., userDataDir: C:\Users\PADREA~1\AppData\L...}, fedcm:accounts: true, goog:chromeOptions: {debuggerAddress: localhost:62134}, networkConnectionEnabled: false, pageLoadStrategy: normal, platformName: WINDOWS, proxy: Proxy(), se:cdp: ws://localhost:62134/devtoo..., se:cdpVersion: 116.0.5845.188, setWindowRect: true, strictFileInteractability: false, timeouts: {implicit: 0, pageLoad: 300000, script: 30000}, unhandledPromptBehavior: dismiss and notify, webauthn:extension:credBlob: true, webauthn:extension:largeBlob: true, webauthn:extension:minPinLength: true, webauthn:extension:prf: true, webauthn:virtualAuthenticators: true}
Session ID: cbe5da1421131b510484da653dfe3832
	at org.openqa.selenium.remote.codec.w3c.W3CHttpResponseCodec.createException(W3CHttpResponseCodec.java:200)
	at org.openqa.selenium.remote.codec.w3c.W3CHttpResponseCodec.decode(W3CHttpResponseCodec.java:133)
	at org.openqa.selenium.remote.codec.w3c.W3CHttpResponseCodec.decode(W3CHttpResponseCodec.java:53)
	at org.openqa.selenium.remote.HttpCommandExecutor.execute(HttpCommandExecutor.java:184)
	at org.openqa.selenium.remote.service.DriverCommandExecutor.invokeExecute(DriverCommandExecutor.java:167)
	at org.openqa.selenium.remote.service.DriverCommandExecutor.execute(DriverCommandExecutor.java:142)
	at org.openqa.selenium.remote.RemoteWebDriver.execute(RemoteWebDriver.java:547)
	at org.openqa.selenium.remote.ElementLocation$ElementFinder$2.findElement(ElementLocation.java:162)
	at org.openqa.selenium.remote.ElementLocation.findElement(ElementLocation.java:60)
	at org.openqa.selenium.remote.RemoteWebDriver.findElement(RemoteWebDriver.java:365)
	at org.openqa.selenium.remote.RemoteWebDriver.findElement(RemoteWebDriver.java:357)
	at org.openqa.selenium.support.pagefactory.DefaultElementLocator.findElement(DefaultElementLocator.java:70)
	at org.openqa.selenium.support.pagefactory.internal.LocatingElementHandler.invoke(LocatingElementHandler.java:39)
	at jdk.proxy2/jdk.proxy2.$Proxy17.click(Unknown Source)
	at testCases.FindQuoteTest.FindAndClickQuote(FindQuoteTest.java:23)
	at testCases.LoginPageTest.runnerMethod(LoginPageTest.java:43)
	at utilClass.CommonFunctions.launchBrowser(CommonFunctions.java:94)
	at java.base/java.util.ArrayList.forEach(ArrayList.java:1511)
... Removed 32 stack frames</div></td></tr></table><p class="totop"><a href="#summary">back to summary</a></p>
<h3 id="m1">testCases.LoginPageTest#launchBrowser</h3><table class="result"><tr class="param"><th>Parameter #1</th></tr><tr class="param stripe"><td>{=, Opening Protection=Only glass opening are protected, Product=DP3, Policy Number=, Agency Name=Dickens Vanessa, Heating Type Year Of Update=2011, Year Built=1990, Tours Conducted=No, RenovationCost=, Fire Station=Less than 5 Miles, VA_Property Fenced=, Fire Hydrant=Less than 1000 feet, Electric Type Year Of Update=2012, Lapse in Coverage=No, Cancel Type=Prorata, DOB=01/06/1989, Cladding Type=Stucco, Heating Type=Natural Gas, Secondary Water Resistance(SWR)=, Insured Employ Any Employees=No, Cancel Effective Date=11/10/2023, Principal First Name=, Type of Endorsement=Insured Details Change, Green Upgrade=Yes, Cancel Reason=Non-Payment, Special Cov A=No, Special Cov C=Yes, Amount Paid=, High Profile=No, Quote Type=, Identity Fraud=No, Endorsement Notes=test, BRPurchasePrice=, Electric Type=Circuit Breaker (Greater than 100 amp), Floor in which the condo unit is Present=, Insured Type=Individual, VA_Property to be sold in next 12 months=, VA_Vacant Date=, Expected Result=, Extended Replacement Cost=Yes, Gutters Present=, RC on Contents=No, Contact First Name=, Loss Settlement Contents=Replacement Cost, Last Name=UK_01, Square Feet=1200, Heating Update Type=, Insurer=, Premises Coverages for Owners=, License No=, BRPurchaseDate=, VA_Purchase Price=, Multi-location count=, Roof Covering Update Type=, Swimming Pool=Yes, VA_RenovationCompleted=, Roof Covering=Unknown, AI Name=, RCV/ACV=RCV, Trust Name=, Knob/Aluminium/ClothWiring=, Type of Loss=, All Business Activities=No, RenovationBegun=, VA_Date of Purchase=, Quote Number=2372157, CompletionDate=, Policy Term=, Water Damage Sublimit=None, Total Stories of Condo Building=, Plumbing Type Year Of Update=2003, Animal Attack History=No, Primary Flood Cov=$25,000 Sub-limit, OL Liability=, Carrier Representative=, No. of Stories=1, Loss Assessment=$9,000, Test Data No=801, Historic Place=No, Greater than 10 acres=No, Do any of the following apply?=, RenovationType=, Declined by Prior Carrier=No, Principal DOB=, Vandalism or Malicious Mischief=No, Phone Number=8154233716, Full Interior Sprinkler System=Yes, Result in UI=Pass /MLH-0016696-1, Personal Liability=$500,000, Beach Territory=No, Personal Injury Cov=Yes, LLC Name=0, First Name=Canopius_01, Number of claims=0, Reinstate Reason=Payment Received, Developer&apos;s spec home=No, Risk address same as Mailing address?=N, Declined by QuickHome Carrier=No, Cheque Number=1234, Date of Loss=, Carrier=1153 One London, Date Declined=, Braced/Unbraced=, Slope of Roof=, Schedule of forms=VA, AI Type=, Limited Mold Coverage=None, Billing type=Agency Bill, Wind Deductible=15%, RenovationCompleted=, Description of Loss=, Water Backup=$25,000, VA_Purchasedin12months=, Protection Class=5, Fasterners=, DTC=508.41, Trustee DOB=, BR_PropertyIntention=, Other Structure=N, Roof Shape=Flat Roof, Coverage D=28376, Coverage A=400000, Coverage B=400000, RenovationDoneByLicensedInsured=, Does the roof have parapets?=, Coverage C=70945, Water Damage Deductible=None, Wind Rating=, Childcare or Other=No, AI Address=, Number of Units=Fourplex, RenovationCompletesIn3Months=, Payee Name=Alex, Location Type=, Last Date of Coverage=, Trustee First Name=, Mailing Address=30 Adriatic Dr, Hampton, VA 23664, USA, Extended Coverage=, BRLocationPurchasedIn12Months=, Water Heater Year Of Update=2008, Return Policy Fee=No, Roof Covering Year Of Update=2002, Principal Last Name=, Override DTC=Yes, Ordinance or Law Coverage=, Golf Cart Collision=$5,000, Plumbing Type=Copper, BR_PropertyFLB=, Password=Welcome*1, Risk Address=30 Adriatic Dr, Hampton, VA 23664, USA, AOP=$2,500, Medical Payments=$2,000, Diligent Name=, Purpose=, Quote Note=, Roof Anchor=Single Wraps, Number of Children=, Diligent Title=, Trustee Last Name=, RenovationGoingOn=, Condo Unit Number=2, UOM=Miles, Username=asdasd, Fully Fenced=No, Alarm=Local Fire/Smoke &amp; Burglar Alarm, Earthquake Coverage=0, Occupancy Type=Rental - Short Term/Seasonal, Electric Type Update Type=, Construction Type=Superior, Protection Size=}</td></tr><tr><th>Exception</th></tr><tr><td><div class="stacktrace">org.openqa.selenium.NoSuchElementException: no such element: Unable to locate element: {&quot;method&quot;:&quot;xpath&quot;,&quot;selector&quot;:&quot;//img[@id=&quot;PlForms:find_expand_display&quot;]&quot;}
  (Session info: chrome=116.0.5845.188)
For documentation on this error, please visit: https://selenium.dev/exceptions/#no_such_element
Build info: version: &apos;4.4.0&apos;, revision: &apos;e5c75ed026a&apos;
System info: host: &apos;LT2566&apos;, ip: &apos;10.200.15.16&apos;, os.name: &apos;Windows 11&apos;, os.arch: &apos;amd64&apos;, os.version: &apos;10.0&apos;, java.version: &apos;17.0.4.1&apos;
Driver info: org.openqa.selenium.chrome.ChromeDriver
Command: [178fa9f732f6842690d4ffd82aa7554f, findElement {using=xpath, value=//img[@id=&quot;PlForms:find_expand_display&quot;]}]
Capabilities {acceptInsecureCerts: false, browserName: chrome, browserVersion: 116.0.5845.188, chrome: {chromedriverVersion: 116.0.5845.96 (1a3918166880..., userDataDir: C:\Users\PADREA~1\AppData\L...}, fedcm:accounts: true, goog:chromeOptions: {debuggerAddress: localhost:62074}, networkConnectionEnabled: false, pageLoadStrategy: normal, platformName: WINDOWS, proxy: Proxy(), se:cdp: ws://localhost:62074/devtoo..., se:cdpVersion: 116.0.5845.188, setWindowRect: true, strictFileInteractability: false, timeouts: {implicit: 0, pageLoad: 300000, script: 30000}, unhandledPromptBehavior: dismiss and notify, webauthn:extension:credBlob: true, webauthn:extension:largeBlob: true, webauthn:extension:minPinLength: true, webauthn:extension:prf: true, webauthn:virtualAuthenticators: true}
Session ID: 178fa9f732f6842690d4ffd82aa7554f
	at org.openqa.selenium.remote.codec.w3c.W3CHttpResponseCodec.createException(W3CHttpResponseCodec.java:200)
	at org.openqa.selenium.remote.codec.w3c.W3CHttpResponseCodec.decode(W3CHttpResponseCodec.java:133)
	at org.openqa.selenium.remote.codec.w3c.W3CHttpResponseCodec.decode(W3CHttpResponseCodec.java:53)
	at org.openqa.selenium.remote.HttpCommandExecutor.execute(HttpCommandExecutor.java:184)
	at org.openqa.selenium.remote.service.DriverCommandExecutor.invokeExecute(DriverCommandExecutor.java:167)
	at org.openqa.selenium.remote.service.DriverCommandExecutor.execute(DriverCommandExecutor.java:142)
	at org.openqa.selenium.remote.RemoteWebDriver.execute(RemoteWebDriver.java:547)
	at org.openqa.selenium.remote.ElementLocation$ElementFinder$2.findElement(ElementLocation.java:162)
	at org.openqa.selenium.remote.ElementLocation.findElement(ElementLocation.java:60)
	at org.openqa.selenium.remote.RemoteWebDriver.findElement(RemoteWebDriver.java:365)
	at org.openqa.selenium.remote.RemoteWebDriver.findElement(RemoteWebDriver.java:357)
	at org.openqa.selenium.support.pagefactory.DefaultElementLocator.findElement(DefaultElementLocator.java:70)
	at org.openqa.selenium.support.pagefactory.internal.LocatingElementHandler.invoke(LocatingElementHandler.java:39)
	at jdk.proxy2/jdk.proxy2.$Proxy17.click(Unknown Source)
	at testCases.FindQuoteTest.FindAndClickQuote(FindQuoteTest.java:23)
	at testCases.LoginPageTest.runnerMethod(LoginPageTest.java:43)
	at utilClass.CommonFunctions.launchBrowser(CommonFunctions.java:94)
	at java.base/java.util.ArrayList.forEach(ArrayList.java:1511)
... Removed 32 stack frames</div></td></tr></table><p class="totop"><a href="#summary">back to summary</a></p>
<h3 id="m2">testCases.LoginPageTest#launchBrowser</h3><table class="result"><tr class="param"><th>Parameter #1</th></tr><tr class="param stripe"><td>{=, Opening Protection=Only glass opening are protected, Product=DP3, Policy Number=, Agency Name=Dickens Vanessa, Heating Type Year Of Update=2011, Year Built=1990, Tours Conducted=No, RenovationCost=, Fire Station=Less than 5 Miles, VA_Property Fenced=, Fire Hydrant=Less than 1000 feet, Electric Type Year Of Update=2012, Lapse in Coverage=No, Cancel Type=Prorata, DOB=01/06/1989, Cladding Type=Stucco, Heating Type=Natural Gas, Secondary Water Resistance(SWR)=, Insured Employ Any Employees=No, Cancel Effective Date=11/10/2023, Principal First Name=, Type of Endorsement=Insured Details Change, Green Upgrade=Yes, Cancel Reason=Non-Payment, Special Cov A=No, Special Cov C=Yes, Amount Paid=, High Profile=No, Quote Type=, Identity Fraud=No, Endorsement Notes=test, BRPurchasePrice=, Electric Type=Circuit Breaker (Greater than 100 amp), Floor in which the condo unit is Present=, Insured Type=Individual, VA_Property to be sold in next 12 months=, VA_Vacant Date=, Expected Result=, Extended Replacement Cost=Yes, Gutters Present=, RC on Contents=No, Contact First Name=, Loss Settlement Contents=Replacement Cost, Last Name=UK_01, Square Feet=1200, Heating Update Type=, Insurer=, Premises Coverages for Owners=, License No=, BRPurchaseDate=, VA_Purchase Price=, Multi-location count=, Roof Covering Update Type=, Swimming Pool=Yes, VA_RenovationCompleted=, Roof Covering=Unknown, AI Name=, RCV/ACV=RCV, Trust Name=, Knob/Aluminium/ClothWiring=, Type of Loss=, All Business Activities=No, RenovationBegun=, VA_Date of Purchase=, Quote Number=2372157, CompletionDate=, Policy Term=, Water Damage Sublimit=None, Total Stories of Condo Building=, Plumbing Type Year Of Update=2003, Animal Attack History=No, Primary Flood Cov=$25,000 Sub-limit, OL Liability=, Carrier Representative=, No. of Stories=1, Loss Assessment=$9,000, Test Data No=801, Historic Place=No, Greater than 10 acres=No, Do any of the following apply?=, RenovationType=, Declined by Prior Carrier=No, Principal DOB=, Vandalism or Malicious Mischief=No, Phone Number=8154233716, Full Interior Sprinkler System=Yes, Result in UI=Pass /MLH-0016696-1, Personal Liability=$500,000, Beach Territory=No, Personal Injury Cov=Yes, LLC Name=0, First Name=Canopius_01, Number of claims=0, Reinstate Reason=Payment Received, Developer&apos;s spec home=No, Risk address same as Mailing address?=N, Declined by QuickHome Carrier=No, Cheque Number=1234, Date of Loss=, Carrier=1153 One London, Date Declined=, Braced/Unbraced=, Slope of Roof=, Schedule of forms=VA, AI Type=, Limited Mold Coverage=None, Billing type=Agency Bill, Wind Deductible=15%, RenovationCompleted=, Description of Loss=, Water Backup=$25,000, VA_Purchasedin12months=, Protection Class=5, Fasterners=, DTC=508.41, Trustee DOB=, BR_PropertyIntention=, Other Structure=N, Roof Shape=Flat Roof, Coverage D=28376, Coverage A=400000, Coverage B=400000, RenovationDoneByLicensedInsured=, Does the roof have parapets?=, Coverage C=70945, Water Damage Deductible=None, Wind Rating=, Childcare or Other=No, AI Address=, Number of Units=Fourplex, RenovationCompletesIn3Months=, Payee Name=Alex, Location Type=, Last Date of Coverage=, Trustee First Name=, Mailing Address=30 Adriatic Dr, Hampton, VA 23664, USA, Extended Coverage=, BRLocationPurchasedIn12Months=, Water Heater Year Of Update=2008, Return Policy Fee=No, Roof Covering Year Of Update=2002, Principal Last Name=, Override DTC=Yes, Ordinance or Law Coverage=, Golf Cart Collision=$5,000, Plumbing Type=Copper, BR_PropertyFLB=, Password=Welcome*1, Risk Address=30 Adriatic Dr, Hampton, VA 23664, USA, AOP=$2,500, Medical Payments=$2,000, Diligent Name=, Purpose=, Quote Note=, Roof Anchor=Single Wraps, Number of Children=, Diligent Title=, Trustee Last Name=, RenovationGoingOn=, Condo Unit Number=2, UOM=Miles, Username=asdasd, Fully Fenced=No, Alarm=Local Fire/Smoke &amp; Burglar Alarm, Earthquake Coverage=0, Occupancy Type=Rental - Short Term/Seasonal, Electric Type Update Type=, Construction Type=Superior, Protection Size=}</td></tr><tr><th>Exception</th></tr><tr><td><div class="stacktrace">org.openqa.selenium.NoSuchElementException: no such element: Unable to locate element: {&quot;method&quot;:&quot;xpath&quot;,&quot;selector&quot;:&quot;//img[@id=&quot;PlForms:find_expand_display&quot;]&quot;}
  (Session info: chrome=116.0.5845.188)
For documentation on this error, please visit: https://selenium.dev/exceptions/#no_such_element
Build info: version: &apos;4.4.0&apos;, revision: &apos;e5c75ed026a&apos;
System info: host: &apos;LT2566&apos;, ip: &apos;10.200.15.16&apos;, os.name: &apos;Windows 11&apos;, os.arch: &apos;amd64&apos;, os.version: &apos;10.0&apos;, java.version: &apos;17.0.4.1&apos;
Driver info: org.openqa.selenium.chrome.ChromeDriver
Command: [4f388be54a4d953f61d498088de786e6, findElement {using=xpath, value=//img[@id=&quot;PlForms:find_expand_display&quot;]}]
Capabilities {acceptInsecureCerts: false, browserName: chrome, browserVersion: 116.0.5845.188, chrome: {chromedriverVersion: 116.0.5845.96 (1a3918166880..., userDataDir: C:\Users\PADREA~1\AppData\L...}, fedcm:accounts: true, goog:chromeOptions: {debuggerAddress: localhost:62021}, networkConnectionEnabled: false, pageLoadStrategy: normal, platformName: WINDOWS, proxy: Proxy(), se:cdp: ws://localhost:62021/devtoo..., se:cdpVersion: 116.0.5845.188, setWindowRect: true, strictFileInteractability: false, timeouts: {implicit: 0, pageLoad: 300000, script: 30000}, unhandledPromptBehavior: dismiss and notify, webauthn:extension:credBlob: true, webauthn:extension:largeBlob: true, webauthn:extension:minPinLength: true, webauthn:extension:prf: true, webauthn:virtualAuthenticators: true}
Session ID: 4f388be54a4d953f61d498088de786e6
	at org.openqa.selenium.remote.codec.w3c.W3CHttpResponseCodec.createException(W3CHttpResponseCodec.java:200)
	at org.openqa.selenium.remote.codec.w3c.W3CHttpResponseCodec.decode(W3CHttpResponseCodec.java:133)
	at org.openqa.selenium.remote.codec.w3c.W3CHttpResponseCodec.decode(W3CHttpResponseCodec.java:53)
	at org.openqa.selenium.remote.HttpCommandExecutor.execute(HttpCommandExecutor.java:184)
	at org.openqa.selenium.remote.service.DriverCommandExecutor.invokeExecute(DriverCommandExecutor.java:167)
	at org.openqa.selenium.remote.service.DriverCommandExecutor.execute(DriverCommandExecutor.java:142)
	at org.openqa.selenium.remote.RemoteWebDriver.execute(RemoteWebDriver.java:547)
	at org.openqa.selenium.remote.ElementLocation$ElementFinder$2.findElement(ElementLocation.java:162)
	at org.openqa.selenium.remote.ElementLocation.findElement(ElementLocation.java:60)
	at org.openqa.selenium.remote.RemoteWebDriver.findElement(RemoteWebDriver.java:365)
	at org.openqa.selenium.remote.RemoteWebDriver.findElement(RemoteWebDriver.java:357)
	at org.openqa.selenium.support.pagefactory.DefaultElementLocator.findElement(DefaultElementLocator.java:70)
	at org.openqa.selenium.support.pagefactory.internal.LocatingElementHandler.invoke(LocatingElementHandler.java:39)
	at jdk.proxy2/jdk.proxy2.$Proxy17.click(Unknown Source)
	at testCases.FindQuoteTest.FindAndClickQuote(FindQuoteTest.java:23)
	at testCases.LoginPageTest.runnerMethod(LoginPageTest.java:43)
	at utilClass.CommonFunctions.launchBrowser(CommonFunctions.java:94)
	at java.base/java.util.ArrayList.forEach(ArrayList.java:1511)
... Removed 32 stack frames</div></td></tr></table><p class="totop"><a href="#summary">back to summary</a></p>
</body>
</html>
